# JRE version: Java(TM) SE Runtime Environment (7.0_51-b13) (build 1.7.0_51-b13)
# Java VM: Java HotSpot(TM) 64-Bit Server VM (24.51-b03 mixed mode windows-amd64 compressed oops)
Heap
 PSYoungGen      total 144896K, used 89808K [0x00000000f0000000, 0x0000000100000000, 0x0000000100000000)
  eden space 135168K, 59% used [0x00000000f0000000,0x00000000f4e35fa8,0x00000000f8400000)
  from space 9728K, 99% used [0x00000000f8400000,0x00000000f8d7e3e8,0x00000000f8d80000)
  to   space 11776K, 0% used [0x00000000ff480000,0x00000000ff480000,0x0000000100000000)
 ParOldGen       total 44032K, used 23084K [0x00000000d0000000, 0x00000000d2b00000, 0x00000000f0000000)
  object space 44032K, 52% used [0x00000000d0000000,0x00000000d168b320,0x00000000d2b00000)
 PSPermGen       total 32768K, used 26210K [0x00000000c0000000, 0x00000000c2000000, 0x00000000d0000000)
  object space 32768K, 79% used [0x00000000c0000000,0x00000000c1998bd8,0x00000000c2000000)
GC Heap History (10 events):
Event: 1.791 GC heap before
{Heap before GC invocations=3 (full 0):
 PSYoungGen      total 36352K, used 36352K [0x00000000f0000000, 0x00000000f2600000, 0x0000000100000000)
  eden space 33792K, 100% used [0x00000000f0000000,0x00000000f2100000,0x00000000f2100000)
  from space 2560K, 100% used [0x00000000f2380000,0x00000000f2600000,0x00000000f2600000)
  to   space 2560K, 0% used [0x00000000f2100000,0x00000000f2100000,0x00000000f2380000)
 ParOldGen       total 44032K, used 6272K [0x00000000d0000000, 0x00000000d2b00000, 0x00000000f0000000)
  object space 44032K, 14% used [0x00000000d0000000,0x00000000d06202a0,0x00000000d2b00000)
 PSPermGen       total 32768K, used 17215K [0x00000000c0000000, 0x00000000c2000000, 0x00000000d0000000)
  object space 32768K, 52% used [0x00000000c0000000,0x00000000c10cfd50,0x00000000c2000000)
Event: 1.830 GC heap after
Heap after GC invocations=3 (full 0):
 PSYoungGen      total 36352K, used 2544K [0x00000000f0000000, 0x00000000f4700000, 0x0000000100000000)
  eden space 33792K, 0% used [0x00000000f0000000,0x00000000f0000000,0x00000000f2100000)
  from space 2560K, 99% used [0x00000000f2100000,0x00000000f237c010,0x00000000f2380000)
  to   space 2560K, 0% used [0x00000000f4480000,0x00000000f4480000,0x00000000f4700000)
 ParOldGen       total 44032K, used 12477K [0x00000000d0000000, 0x00000000d2b00000, 0x00000000f0000000)
  object space 44032K, 28% used [0x00000000d0000000,0x00000000d0c2f738,0x00000000d2b00000)
 PSPermGen       total 32768K, used 17215K [0x00000000c0000000, 0x00000000c2000000, 0x00000000d0000000)
  object space 32768K, 52% used [0x00000000c0000000,0x00000000c10cfd50,0x00000000c2000000)
}
Event: 2.769 GC heap before
{Heap before GC invocations=4 (full 0):
 PSYoungGen      total 36352K, used 36336K [0x00000000f0000000, 0x00000000f4700000, 0x0000000100000000)
  eden space 33792K, 100% used [0x00000000f0000000,0x00000000f2100000,0x00000000f2100000)
  from space 2560K, 99% used [0x00000000f2100000,0x00000000f237c010,0x00000000f2380000)
  to   space 2560K, 0% used [0x00000000f4480000,0x00000000f4480000,0x00000000f4700000)
 ParOldGen       total 44032K, used 12477K [0x00000000d0000000, 0x00000000d2b00000, 0x00000000f0000000)
  object space 44032K, 28% used [0x00000000d0000000,0x00000000d0c2f738,0x00000000d2b00000)
 PSPermGen       total 32768K, used 20494K [0x00000000c0000000, 0x00000000c2000000, 0x00000000d0000000)
  object space 32768K, 62% used [0x00000000c0000000,0x00000000c1403ba8,0x00000000c2000000)
Event: 2.788 GC heap after
Heap after GC invocations=4 (full 0):
 PSYoungGen      total 70144K, used 2544K [0x00000000f0000000, 0x00000000f4700000, 0x0000000100000000)
  eden space 67584K, 0% used [0x00000000f0000000,0x00000000f0000000,0x00000000f4200000)
  from space 2560K, 99% used [0x00000000f4480000,0x00000000f46fc010,0x00000000f4700000)
  to   space 2560K, 0% used [0x00000000f4200000,0x00000000f4200000,0x00000000f4480000)
 ParOldGen       total 44032K, used 17685K [0x00000000d0000000, 0x00000000d2b00000, 0x00000000f0000000)
  object space 44032K, 40% used [0x00000000d0000000,0x00000000d1145468,0x00000000d2b00000)
 PSPermGen       total 32768K, used 20494K [0x00000000c0000000, 0x00000000c2000000, 0x00000000d0000000)
  object space 32768K, 62% used [0x00000000c0000000,0x00000000c1403ba8,0x00000000c2000000)
}
Event: 4.588 GC heap before
{Heap before GC invocations=5 (full 0):
 PSYoungGen      total 70144K, used 70128K [0x00000000f0000000, 0x00000000f4700000, 0x0000000100000000)
  eden space 67584K, 100% used [0x00000000f0000000,0x00000000f4200000,0x00000000f4200000)
  from space 2560K, 99% used [0x00000000f4480000,0x00000000f46fc010,0x00000000f4700000)
  to   space 2560K, 0% used [0x00000000f4200000,0x00000000f4200000,0x00000000f4480000)
 ParOldGen       total 44032K, used 17685K [0x00000000d0000000, 0x00000000d2b00000, 0x00000000f0000000)
  object space 44032K, 40% used [0x00000000d0000000,0x00000000d1145468,0x00000000d2b00000)
 PSPermGen       total 32768K, used 20893K [0x00000000c0000000, 0x00000000c2000000, 0x00000000d0000000)
  object space 32768K, 63% used [0x00000000c0000000,0x00000000c14675f0,0x00000000c2000000)
Event: 4.698 GC heap after
Heap after GC invocations=5 (full 0):
 PSYoungGen      total 70144K, used 2544K [0x00000000f0000000, 0x00000000f9700000, 0x0000000100000000)
  eden space 67584K, 0% used [0x00000000f0000000,0x00000000f0000000,0x00000000f4200000)
  from space 2560K, 99% used [0x00000000f4200000,0x00000000f447c010,0x00000000f4480000)
  to   space 9728K, 0% used [0x00000000f8d80000,0x00000000f8d80000,0x00000000f9700000)
 ParOldGen       total 44032K, used 21019K [0x00000000d0000000, 0x00000000d2b00000, 0x00000000f0000000)
  object space 44032K, 47% used [0x00000000d0000000,0x00000000d1486cd0,0x00000000d2b00000)
 PSPermGen       total 32768K, used 20893K [0x00000000c0000000, 0x00000000c2000000, 0x00000000d0000000)
  object space 32768K, 63% used [0x00000000c0000000,0x00000000c14675f0,0x00000000c2000000)
}
Event: 6.226 GC heap before
{Heap before GC invocations=6 (full 0):
 PSYoungGen      total 70144K, used 70128K [0x00000000f0000000, 0x00000000f9700000, 0x0000000100000000)
  eden space 67584K, 100% used [0x00000000f0000000,0x00000000f4200000,0x00000000f4200000)
  from space 2560K, 99% used [0x00000000f4200000,0x00000000f447c010,0x00000000f4480000)
  to   space 9728K, 0% used [0x00000000f8d80000,0x00000000f8d80000,0x00000000f9700000)
 ParOldGen       total 44032K, used 21019K [0x00000000d0000000, 0x00000000d2b00000, 0x00000000f0000000)
  object space 44032K, 47% used [0x00000000d0000000,0x00000000d1486cd0,0x00000000d2b00000)
 PSPermGen       total 32768K, used 20998K [0x00000000c0000000, 0x00000000c2000000, 0x00000000d0000000)
  object space 32768K, 64% used [0x00000000c0000000,0x00000000c1481b08,0x00000000c2000000)
Event: 6.245 GC heap after
Heap after GC invocations=6 (full 0):
 PSYoungGen      total 144896K, used 4816K [0x00000000f0000000, 0x00000000f9700000, 0x0000000100000000)
  eden space 135168K, 0% used [0x00000000f0000000,0x00000000f0000000,0x00000000f8400000)
  from space 9728K, 49% used [0x00000000f8d80000,0x00000000f9234010,0x00000000f9700000)
  to   space 9728K, 0% used [0x00000000f8400000,0x00000000f8400000,0x00000000f8d80000)
 ParOldGen       total 44032K, used 21019K [0x00000000d0000000, 0x00000000d2b00000, 0x00000000f0000000)
  object space 44032K, 47% used [0x00000000d0000000,0x00000000d1486cd0,0x00000000d2b00000)
 PSPermGen       total 32768K, used 20998K [0x00000000c0000000, 0x00000000c2000000, 0x00000000d0000000)
  object space 32768K, 64% used [0x00000000c0000000,0x00000000c1481b08,0x00000000c2000000)
}
Event: 9.222 GC heap before
{Heap before GC invocations=7 (full 0):
 PSYoungGen      total 144896K, used 139984K [0x00000000f0000000, 0x00000000f9700000, 0x0000000100000000)
  eden space 135168K, 100% used [0x00000000f0000000,0x00000000f8400000,0x00000000f8400000)
  from space 9728K, 49% used [0x00000000f8d80000,0x00000000f9234010,0x00000000f9700000)
  to   space 9728K, 0% used [0x00000000f8400000,0x00000000f8400000,0x00000000f8d80000)
 ParOldGen       total 44032K, used 21019K [0x00000000d0000000, 0x00000000d2b00000, 0x00000000f0000000)
  object space 44032K, 47% used [0x00000000d0000000,0x00000000d1486cd0,0x00000000d2b00000)
 PSPermGen       total 32768K, used 24689K [0x00000000c0000000, 0x00000000c2000000, 0x00000000d0000000)
  object space 32768K, 75% used [0x00000000c0000000,0x00000000c181c5c8,0x00000000c2000000)
Event: 9.303 GC heap after
Heap after GC invocations=7 (full 0):
 PSYoungGen      total 144896K, used 9720K [0x00000000f0000000, 0x0000000100000000, 0x0000000100000000)
  eden space 135168K, 0% used [0x00000000f0000000,0x00000000f0000000,0x00000000f8400000)
  from space 9728K, 99% used [0x00000000f8400000,0x00000000f8d7e3e8,0x00000000f8d80000)
  to   space 11776K, 0% used [0x00000000ff480000,0x00000000ff480000,0x0000000100000000)
 ParOldGen       total 44032K, used 23084K [0x00000000d0000000, 0x00000000d2b00000, 0x00000000f0000000)
  object space 44032K, 52% used [0x00000000d0000000,0x00000000d168b320,0x00000000d2b00000)
 PSPermGen       total 32768K, used 24689K [0x00000000c0000000, 0x00000000c2000000, 0x00000000d0000000)
  object space 32768K, 75% used [0x00000000c0000000,0x00000000c181c5c8,0x00000000c2000000)
}

