# JRE version: Java(TM) SE Runtime Environment (7.0_51-b13) (build 1.7.0_51-b13)
# Java VM: Java HotSpot(TM) 64-Bit Server VM (24.51-b03 mixed mode windows-amd64 compressed oops)
Heap
 PSYoungGen      total 243200K, used 16361K [0x00000000f0000000, 0x0000000100000000, 0x0000000100000000)
  eden space 231424K, 1% used [0x00000000f0000000,0x00000000f047e6d0,0x00000000fe200000)
  from space 11776K, 99% used [0x00000000ff480000,0x00000000ffffc030,0x0000000100000000)
  to   space 15360K, 0% used [0x00000000fe200000,0x00000000fe200000,0x00000000ff100000)
 ParOldGen       total 44032K, used 27937K [0x00000000d0000000, 0x00000000d2b00000, 0x00000000f0000000)
  object space 44032K, 63% used [0x00000000d0000000,0x00000000d1b48460,0x00000000d2b00000)
 PSPermGen       total 32768K, used 27349K [0x00000000c0000000, 0x00000000c2000000, 0x00000000d0000000)
  object space 32768K, 83% used [0x00000000c0000000,0x00000000c1ab5658,0x00000000c2000000)
GC Heap History (10 events):
Event: 2.542 GC heap before
{Heap before GC invocations=4 (full 0):
 PSYoungGen      total 36352K, used 36352K [0x00000000f0000000, 0x00000000f4700000, 0x0000000100000000)
  eden space 33792K, 100% used [0x00000000f0000000,0x00000000f2100000,0x00000000f2100000)
  from space 2560K, 100% used [0x00000000f2100000,0x00000000f2380000,0x00000000f2380000)
  to   space 2560K, 0% used [0x00000000f4480000,0x00000000f4480000,0x00000000f4700000)
 ParOldGen       total 44032K, used 12422K [0x00000000d0000000, 0x00000000d2b00000, 0x00000000f0000000)
  object space 44032K, 28% used [0x00000000d0000000,0x00000000d0c21958,0x00000000d2b00000)
 PSPermGen       total 32768K, used 20480K [0x00000000c0000000, 0x00000000c2000000, 0x00000000d0000000)
  object space 32768K, 62% used [0x00000000c0000000,0x00000000c1400320,0x00000000c2000000)
Event: 2.561 GC heap after
Heap after GC invocations=4 (full 0):
 PSYoungGen      total 70144K, used 2560K [0x00000000f0000000, 0x00000000f4700000, 0x0000000100000000)
  eden space 67584K, 0% used [0x00000000f0000000,0x00000000f0000000,0x00000000f4200000)
  from space 2560K, 100% used [0x00000000f4480000,0x00000000f4700000,0x00000000f4700000)
  to   space 2560K, 0% used [0x00000000f4200000,0x00000000f4200000,0x00000000f4480000)
 ParOldGen       total 44032K, used 17713K [0x00000000d0000000, 0x00000000d2b00000, 0x00000000f0000000)
  object space 44032K, 40% used [0x00000000d0000000,0x00000000d114c688,0x00000000d2b00000)
 PSPermGen       total 32768K, used 20480K [0x00000000c0000000, 0x00000000c2000000, 0x00000000d0000000)
  object space 32768K, 62% used [0x00000000c0000000,0x00000000c1400320,0x00000000c2000000)
}
Event: 4.458 GC heap before
{Heap before GC invocations=5 (full 0):
 PSYoungGen      total 70144K, used 70144K [0x00000000f0000000, 0x00000000f4700000, 0x0000000100000000)
  eden space 67584K, 100% used [0x00000000f0000000,0x00000000f4200000,0x00000000f4200000)
  from space 2560K, 100% used [0x00000000f4480000,0x00000000f4700000,0x00000000f4700000)
  to   space 2560K, 0% used [0x00000000f4200000,0x00000000f4200000,0x00000000f4480000)
 ParOldGen       total 44032K, used 17713K [0x00000000d0000000, 0x00000000d2b00000, 0x00000000f0000000)
  object space 44032K, 40% used [0x00000000d0000000,0x00000000d114c688,0x00000000d2b00000)
 PSPermGen       total 32768K, used 20886K [0x00000000c0000000, 0x00000000c2000000, 0x00000000d0000000)
  object space 32768K, 63% used [0x00000000c0000000,0x00000000c1465af8,0x00000000c2000000)
Event: 4.582 GC heap after
Heap after GC invocations=5 (full 0):
 PSYoungGen      total 70144K, used 2560K [0x00000000f0000000, 0x00000000f9700000, 0x0000000100000000)
  eden space 67584K, 0% used [0x00000000f0000000,0x00000000f0000000,0x00000000f4200000)
  from space 2560K, 100% used [0x00000000f4200000,0x00000000f4480000,0x00000000f4480000)
  to   space 9728K, 0% used [0x00000000f8d80000,0x00000000f8d80000,0x00000000f9700000)
 ParOldGen       total 44032K, used 21086K [0x00000000d0000000, 0x00000000d2b00000, 0x00000000f0000000)
  object space 44032K, 47% used [0x00000000d0000000,0x00000000d1497968,0x00000000d2b00000)
 PSPermGen       total 32768K, used 20886K [0x00000000c0000000, 0x00000000c2000000, 0x00000000d0000000)
  object space 32768K, 63% used [0x00000000c0000000,0x00000000c1465af8,0x00000000c2000000)
}
Event: 5.970 GC heap before
{Heap before GC invocations=6 (full 0):
 PSYoungGen      total 70144K, used 70144K [0x00000000f0000000, 0x00000000f9700000, 0x0000000100000000)
  eden space 67584K, 100% used [0x00000000f0000000,0x00000000f4200000,0x00000000f4200000)
  from space 2560K, 100% used [0x00000000f4200000,0x00000000f4480000,0x00000000f4480000)
  to   space 9728K, 0% used [0x00000000f8d80000,0x00000000f8d80000,0x00000000f9700000)
 ParOldGen       total 44032K, used 21086K [0x00000000d0000000, 0x00000000d2b00000, 0x00000000f0000000)
  object space 44032K, 47% used [0x00000000d0000000,0x00000000d1497968,0x00000000d2b00000)
 PSPermGen       total 32768K, used 20991K [0x00000000c0000000, 0x00000000c2000000, 0x00000000d0000000)
  object space 32768K, 64% used [0x00000000c0000000,0x00000000c147ffb0,0x00000000c2000000)
Event: 5.992 GC heap after
Heap after GC invocations=6 (full 0):
 PSYoungGen      total 144896K, used 4800K [0x00000000f0000000, 0x00000000f9700000, 0x0000000100000000)
  eden space 135168K, 0% used [0x00000000f0000000,0x00000000f0000000,0x00000000f8400000)
  from space 9728K, 49% used [0x00000000f8d80000,0x00000000f9230000,0x00000000f9700000)
  to   space 9728K, 0% used [0x00000000f8400000,0x00000000f8400000,0x00000000f8d80000)
 ParOldGen       total 44032K, used 21086K [0x00000000d0000000, 0x00000000d2b00000, 0x00000000f0000000)
  object space 44032K, 47% used [0x00000000d0000000,0x00000000d1497968,0x00000000d2b00000)
 PSPermGen       total 32768K, used 20991K [0x00000000c0000000, 0x00000000c2000000, 0x00000000d0000000)
  object space 32768K, 64% used [0x00000000c0000000,0x00000000c147ffb0,0x00000000c2000000)
}
Event: 10.786 GC heap before
{Heap before GC invocations=7 (full 0):
 PSYoungGen      total 144896K, used 139968K [0x00000000f0000000, 0x00000000f9700000, 0x0000000100000000)
  eden space 135168K, 100% used [0x00000000f0000000,0x00000000f8400000,0x00000000f8400000)
  from space 9728K, 49% used [0x00000000f8d80000,0x00000000f9230000,0x00000000f9700000)
  to   space 9728K, 0% used [0x00000000f8400000,0x00000000f8400000,0x00000000f8d80000)
 ParOldGen       total 44032K, used 21086K [0x00000000d0000000, 0x00000000d2b00000, 0x00000000f0000000)
  object space 44032K, 47% used [0x00000000d0000000,0x00000000d1497968,0x00000000d2b00000)
 PSPermGen       total 32768K, used 24693K [0x00000000c0000000, 0x00000000c2000000, 0x00000000d0000000)
  object space 32768K, 75% used [0x00000000c0000000,0x00000000c181d7a8,0x00000000c2000000)
Event: 10.822 GC heap after
Heap after GC invocations=7 (full 0):
 PSYoungGen      total 144896K, used 9720K [0x00000000f0000000, 0x0000000100000000, 0x0000000100000000)
  eden space 135168K, 0% used [0x00000000f0000000,0x00000000f0000000,0x00000000f8400000)
  from space 9728K, 99% used [0x00000000f8400000,0x00000000f8d7e0e0,0x00000000f8d80000)
  to   space 11776K, 0% used [0x00000000ff480000,0x00000000ff480000,0x0000000100000000)
 ParOldGen       total 44032K, used 23148K [0x00000000d0000000, 0x00000000d2b00000, 0x00000000f0000000)
  object space 44032K, 52% used [0x00000000d0000000,0x00000000d169b020,0x00000000d2b00000)
 PSPermGen       total 32768K, used 24693K [0x00000000c0000000, 0x00000000c2000000, 0x00000000d0000000)
  object space 32768K, 75% used [0x00000000c0000000,0x00000000c181d7a8,0x00000000c2000000)
}
Event: 13.910 GC heap before
{Heap before GC invocations=8 (full 0):
 PSYoungGen      total 144896K, used 144888K [0x00000000f0000000, 0x0000000100000000, 0x0000000100000000)
  eden space 135168K, 100% used [0x00000000f0000000,0x00000000f8400000,0x00000000f8400000)
  from space 9728K, 99% used [0x00000000f8400000,0x00000000f8d7e0e0,0x00000000f8d80000)
  to   space 11776K, 0% used [0x00000000ff480000,0x00000000ff480000,0x0000000100000000)
 ParOldGen       total 44032K, used 23148K [0x00000000d0000000, 0x00000000d2b00000, 0x00000000f0000000)
  object space 44032K, 52% used [0x00000000d0000000,0x00000000d169b020,0x00000000d2b00000)
 PSPermGen       total 32768K, used 27118K [0x00000000c0000000, 0x00000000c2000000, 0x00000000d0000000)
  object space 32768K, 82% used [0x00000000c0000000,0x00000000c1a7b8c8,0x00000000c2000000)
Event: 14.053 GC heap after
Heap after GC invocations=8 (full 0):
 PSYoungGen      total 243200K, used 11760K [0x00000000f0000000, 0x0000000100000000, 0x0000000100000000)
  eden space 231424K, 0% used [0x00000000f0000000,0x00000000f0000000,0x00000000fe200000)
  from space 11776K, 99% used [0x00000000ff480000,0x00000000ffffc030,0x0000000100000000)
  to   space 15360K, 0% used [0x00000000fe200000,0x00000000fe200000,0x00000000ff100000)
 ParOldGen       total 44032K, used 27937K [0x00000000d0000000, 0x00000000d2b00000, 0x00000000f0000000)
  object space 44032K, 63% used [0x00000000d0000000,0x00000000d1b48460,0x00000000d2b00000)
 PSPermGen       total 32768K, used 27118K [0x00000000c0000000, 0x00000000c2000000, 0x00000000d0000000)
  object space 32768K, 82% used [0x00000000c0000000,0x00000000c1a7b8c8,0x00000000c2000000)
}

